d:\projects\operator-inference-cpp\operator-inference\x64\debug\vc142.pdb
d:\projects\operator-inference-cpp\operator-inference\x64\debug\vc142.idb
d:\projects\operator-inference-cpp\operator-inference\x64\debug\operatorinference.obj
d:\projects\operator-inference-cpp\operator-inference\x64\debug\operator-inference.exe
d:\projects\operator-inference-cpp\operator-inference\x64\debug\operator-inference.ilk
d:\projects\operator-inference-cpp\operator-inference\x64\debug\operator-inference.pdb
d:\projects\operator-inference-cpp\operator-inference\x64\debug\operator-inference.lib
d:\projects\operator-inference-cpp\operator-inference\x64\debug\operator-inference.exp
d:\projects\operator-inference-cpp\operator-inference\x64\debug\operator-inference.res
d:\projects\operator-inference-cpp\operator-inference\x64\debug\kernel.cu.cache
d:\projects\operator-inference-cpp\operator-inference\x64\debug\kernel.cu.obj
d:\projects\operator-inference-cpp\operator-inference\x64\debug\operator.8fa7e025.tlog\cl.command.1.tlog
d:\projects\operator-inference-cpp\operator-inference\x64\debug\operator.8fa7e025.tlog\cl.read.1.tlog
d:\projects\operator-inference-cpp\operator-inference\x64\debug\operator.8fa7e025.tlog\cl.write.1.tlog
d:\projects\operator-inference-cpp\operator-inference\x64\debug\operator.8fa7e025.tlog\cudacompile.read.1u.tlog
d:\projects\operator-inference-cpp\operator-inference\x64\debug\operator.8fa7e025.tlog\cudacompile.write.1u.tlog
d:\projects\operator-inference-cpp\operator-inference\x64\debug\operator.8fa7e025.tlog\link.command.1.tlog
d:\projects\operator-inference-cpp\operator-inference\x64\debug\operator.8fa7e025.tlog\link.read.1.tlog
d:\projects\operator-inference-cpp\operator-inference\x64\debug\operator.8fa7e025.tlog\link.write.1.tlog
d:\projects\operator-inference-cpp\operator-inference\x64\debug\operator.8fa7e025.tlog\operator-inference.write.1u.tlog
d:\projects\operator-inference-cpp\operator-inference\x64\debug\operator.8fa7e025.tlog\rc.command.1.tlog
d:\projects\operator-inference-cpp\operator-inference\x64\debug\operator.8fa7e025.tlog\rc.read.1.tlog
d:\projects\operator-inference-cpp\operator-inference\x64\debug\operator.8fa7e025.tlog\rc.write.1.tlog
